2023-08-05 16:26:07,978: Bob Started Getting Tipsy
2023-08-05 16:26:07,978: Train Request for Alice-1
2023-08-05 16:26:18,313: Train Request for Alice-2
2023-08-05 16:26:27,337: Train Request for Alice-1
2023-08-05 16:26:37,782: Train Request for Alice-2
2023-08-05 16:26:46,979: Train Request for Alice-1
2023-08-05 16:26:57,650: Train Request for Alice-2
2023-08-05 16:27:06,816: Train Request for Alice-1
2023-08-05 16:27:17,279: Train Request for Alice-2
2023-08-05 16:27:25,868: Train Request for Alice-1
2023-08-05 16:27:37,001: Train Request for Alice-2
2023-08-05 16:27:46,299: Server training starts. Freezing weights for Alices-1.
2023-08-05 16:27:46,299: Server training starts. Freezing weights for Alices-2.
2023-08-05 16:27:46,300: Global Training
2023-08-05 16:42:33,868: Global training completed.
2023-08-05 16:42:33,892: Initializing Evaluation of all Alices. Breaking down to the unlearned and the remaining data
2023-08-05 16:42:38,809: Accuracy over all data: 0.533
2023-08-05 16:42:38,809: Accuracy over unlearned data: 0.313
2023-08-05 16:42:38,810: Accuracy over remaining data: 0.557
2023-08-05 16:42:38,810: Global Training
2023-08-05 16:57:47,172: Global training completed.
2023-08-05 16:57:47,195: Initializing Evaluation of all Alices. Breaking down to the unlearned and the remaining data
2023-08-05 16:57:52,157: Accuracy over all data: 0.513
2023-08-05 16:57:52,157: Accuracy over unlearned data: 0.231
2023-08-05 16:57:52,157: Accuracy over remaining data: 0.545
2023-08-05 16:57:52,157: Global Training
2023-08-05 17:13:27,459: Global training completed.
2023-08-05 17:13:27,484: Initializing Evaluation of all Alices. Breaking down to the unlearned and the remaining data
2023-08-05 17:13:32,724: Accuracy over all data: 0.560
2023-08-05 17:13:32,725: Accuracy over unlearned data: 0.354
2023-08-05 17:13:32,725: Accuracy over remaining data: 0.583
2023-08-05 17:13:32,725: Global Training
2023-08-05 17:29:43,924: Global training completed.
2023-08-05 17:29:43,943: Initializing Evaluation of all Alices. Breaking down to the unlearned and the remaining data
2023-08-05 17:29:49,418: Accuracy over all data: 0.487
2023-08-05 17:29:49,418: Accuracy over unlearned data: 0.261
2023-08-05 17:29:49,418: Accuracy over remaining data: 0.512
2023-08-05 17:29:49,418: Global Training
2023-08-05 17:46:05,143: Global training completed.
2023-08-05 17:46:05,165: Initializing Evaluation of all Alices. Breaking down to the unlearned and the remaining data
2023-08-05 17:46:10,669: Accuracy over all data: 0.546
2023-08-05 17:46:10,669: Accuracy over unlearned data: 0.303
2023-08-05 17:46:10,669: Accuracy over remaining data: 0.573
2023-08-05 17:46:10,669: Unfreezing weights for Alices-1.
2023-08-05 17:46:10,670: Unlearn Request for Alice-1 upon the label-9
2023-08-05 17:46:25,651: Unlearn Request for Alice-1 upon the label-9
2023-08-05 17:46:41,356: Unlearn Request for Alice-1 upon the label-9
2023-08-05 17:46:57,085: Unlearn Request for Alice-1 upon the label-9
2023-08-05 17:47:13,066: Unlearn Request for Alice-1 upon the label-9
2023-08-05 17:47:28,308: Server training starts. Freezing weights for Alices-1.
2023-08-05 17:47:28,308: Global Training
2023-08-05 18:02:03,800: Global training completed.
2023-08-05 18:02:03,823: Initializing Evaluation of all Alices. Breaking down to the unlearned and the remaining data
2023-08-05 18:02:09,027: Accuracy over all data: 0.517
2023-08-05 18:02:09,028: Accuracy over unlearned data: 0.001
2023-08-05 18:02:09,028: Accuracy over remaining data: 0.574
2023-08-05 18:02:09,028: Global Training
2023-08-05 18:16:46,166: Global training completed.
2023-08-05 18:16:46,187: Initializing Evaluation of all Alices. Breaking down to the unlearned and the remaining data
2023-08-05 18:16:51,617: Accuracy over all data: 0.518
2023-08-05 18:16:51,617: Accuracy over unlearned data: 0.000
2023-08-05 18:16:51,617: Accuracy over remaining data: 0.575
2023-08-05 18:16:51,618: Global Training
2023-08-05 18:31:30,184: Global training completed.
2023-08-05 18:31:30,206: Initializing Evaluation of all Alices. Breaking down to the unlearned and the remaining data
2023-08-05 18:31:35,656: Accuracy over all data: 0.498
2023-08-05 18:31:35,656: Accuracy over unlearned data: 0.000
2023-08-05 18:31:35,656: Accuracy over remaining data: 0.553
2023-08-05 18:31:35,656: Global Training
2023-08-05 18:46:23,626: Global training completed.
2023-08-05 18:46:23,647: Initializing Evaluation of all Alices. Breaking down to the unlearned and the remaining data
2023-08-05 18:46:29,058: Accuracy over all data: 0.501
2023-08-05 18:46:29,058: Accuracy over unlearned data: 0.000
2023-08-05 18:46:29,058: Accuracy over remaining data: 0.556
2023-08-05 18:46:29,058: Global Training
2023-08-05 19:01:04,423: Global training completed.
2023-08-05 19:01:04,445: Initializing Evaluation of all Alices. Breaking down to the unlearned and the remaining data
2023-08-05 19:01:09,893: Accuracy over all data: 0.509
2023-08-05 19:01:09,893: Accuracy over unlearned data: 0.000
2023-08-05 19:01:09,893: Accuracy over remaining data: 0.565
